
2020-04-11 00:20:10 INFO  class:24 - Logging using username and password from excel 
2020-04-11 00:20:12 INFO  class:37 - Fetching the value of Leave Request and checking it
2020-04-11 00:20:14 INFO  class:46 - Verifying the Userrole and staus text
2020-04-11 00:20:14 INFO  class:23 - Clicked  Users link
2020-04-11 00:20:15 INFO  class:35 - Selected Userroledropdown
2020-04-11 00:20:15 INFO  class:38 - Selected Userstatusdropdown
2020-04-11 00:20:16 INFO  class:18 - User logout the application 
2020-04-11 00:21:42 INFO  class:35 - Browser Organge HRM Test Begins
2020-04-11 00:21:42 INFO  class:36 - Loading the property file
2020-04-11 00:21:42 INFO  class:43 - Chrome browser is lauching
2020-04-11 00:21:53 INFO  class:57 - Navigating to URL
2020-04-11 00:21:56 INFO  class:24 - Logging using username and password from excel 
2020-04-11 00:21:58 INFO  class:37 - Fetching the value of Leave Request and checking it
2020-04-11 00:21:58 INFO  class:46 - Verifying the Userrole and staus text
2020-04-11 00:21:58 INFO  class:23 - Clicked  Users link
2020-04-11 00:22:01 INFO  class:35 - Selected Userroledropdown
2020-04-11 00:22:01 INFO  class:38 - Selected Userstatusdropdown
2020-04-11 00:22:02 INFO  class:18 - User logout the application 
2020-04-11 00:22:03 INFO  class:66 - Application browser is closed
2020-05-05 13:53:56 INFO  class:35 - Browser Organge HRM Test Begins
2020-05-05 13:53:56 INFO  class:36 - Loading the property file
2020-05-05 13:53:56 INFO  class:43 - Chrome browser is lauching
2020-05-05 13:54:06 INFO  class:57 - Navigating to URL
2020-05-05 13:54:10 INFO  class:37 - Fetching the value of Leave Request and checking it
2020-05-05 13:54:31 INFO  class:46 - Verifying the Userrole and staus text
2020-05-05 13:54:31 INFO  class:23 - Clicked  Users link
2020-05-05 13:54:51 INFO  class:18 - User logout the application 
2020-05-05 13:55:11 INFO  class:66 - Application browser is closed
2020-05-05 14:04:56 INFO  class:35 - Browser Organge HRM Test Begins
2020-05-05 14:04:56 INFO  class:36 - Loading the property file
2020-05-05 14:04:56 INFO  class:43 - Chrome browser is lauching
2020-05-05 14:05:10 INFO  class:57 - Navigating to URL
2020-05-05 14:05:13 INFO  class:46 - Verifying the Userrole and staus text
2020-05-05 14:05:13 INFO  class:23 - Clicked  Users link
2020-05-05 14:05:33 INFO  class:18 - User logout the application 
2020-05-05 14:05:53 INFO  class:66 - Application browser is closed
2020-05-05 14:06:50 INFO  class:35 - Browser Organge HRM Test Begins
2020-05-05 14:06:50 INFO  class:36 - Loading the property file
2020-05-05 14:06:50 INFO  class:43 - Chrome browser is lauching
2020-05-05 14:07:03 INFO  class:57 - Navigating to URL
2020-05-05 14:07:06 INFO  class:46 - Verifying the Userrole and staus text
2020-05-05 14:07:06 INFO  class:23 - Clicked  Users link
2020-05-05 14:07:26 INFO  class:18 - User logout the application 
2020-05-05 14:07:46 INFO  class:66 - Application browser is closed
2020-05-05 14:08:52 INFO  class:35 - Browser Organge HRM Test Begins
2020-05-05 14:08:52 INFO  class:36 - Loading the property file
2020-05-05 14:08:52 INFO  class:43 - Chrome browser is lauching
2020-05-05 14:08:53 INFO  class:35 - Browser Organge HRM Test Begins
2020-05-05 14:08:53 INFO  class:36 - Loading the property file
2020-05-05 14:08:53 INFO  class:43 - Chrome browser is lauching
2020-05-05 14:09:03 INFO  class:57 - Navigating to URL
2020-05-05 14:09:04 INFO  class:57 - Navigating to URL
2020-05-05 14:09:07 INFO  class:24 - Logging using username and password from excel 
2020-05-05 14:09:08 INFO  class:24 - Logging using username and password from excel 
2020-05-05 14:09:11 INFO  class:37 - Fetching the value of Leave Request and checking it
2020-05-05 14:09:12 INFO  class:37 - Fetching the value of Leave Request and checking it
2020-05-05 14:09:12 INFO  class:46 - Verifying the Userrole and staus text
2020-05-05 14:09:12 INFO  class:23 - Clicked  Users link
2020-05-05 14:09:13 INFO  class:46 - Verifying the Userrole and staus text
2020-05-05 14:09:13 INFO  class:23 - Clicked  Users link
2020-05-05 14:09:14 INFO  class:35 - Selected Userroledropdown
2020-05-05 14:09:14 INFO  class:38 - Selected Userstatusdropdown
2020-05-05 14:09:15 INFO  class:35 - Selected Userroledropdown
2020-05-05 14:09:15 INFO  class:38 - Selected Userstatusdropdown
2020-05-05 14:09:15 INFO  class:18 - User logout the application 
2020-05-05 14:09:16 INFO  class:18 - User logout the application 
2020-05-05 14:09:19 INFO  class:66 - Application browser is closed
2020-05-05 14:09:20 INFO  class:66 - Application browser is closed
2020-05-05 14:11:42 INFO  class:35 - Browser Organge HRM Test Begins
2020-05-05 14:11:42 INFO  class:36 - Loading the property file
2020-05-05 14:11:42 INFO  class:43 - Chrome browser is lauching
2020-05-05 14:11:52 INFO  class:57 - Navigating to URL
2020-05-05 14:11:57 INFO  class:24 - Logging using username and password from excel 
2020-05-05 14:12:02 INFO  class:37 - Fetching the value of Leave Request and checking it
2020-05-05 14:12:02 INFO  class:46 - Verifying the Userrole and staus text
2020-05-05 14:12:02 INFO  class:23 - Clicked  Users link
2020-05-05 14:12:03 INFO  class:35 - Selected Userroledropdown
2020-05-05 14:12:04 INFO  class:38 - Selected Userstatusdropdown
2020-05-05 14:12:05 INFO  class:18 - User logout the application 
2020-05-05 14:12:06 INFO  class:66 - Application browser is closed
2020-05-05 14:12:49 INFO  class:35 - Browser Organge HRM Test Begins
2020-05-05 14:12:49 INFO  class:36 - Loading the property file
2020-05-05 14:12:49 INFO  class:43 - Chrome browser is lauching
2020-05-05 14:13:01 INFO  class:57 - Navigating to URL
2020-05-05 14:13:04 INFO  class:24 - Logging using username and password from excel 
2020-05-05 14:13:08 INFO  class:37 - Fetching the value of Leave Request and checking it
2020-05-05 14:13:09 INFO  class:46 - Verifying the Userrole and staus text
2020-05-05 14:13:09 INFO  class:23 - Clicked  Users link
2020-05-05 14:13:10 INFO  class:18 - User logout the application 
2020-05-05 14:13:11 INFO  class:66 - Application browser is closed
2020-05-05 14:14:26 INFO  class:35 - Browser Organge HRM Test Begins
2020-05-05 14:14:26 INFO  class:36 - Loading the property file
2020-05-05 14:14:26 INFO  class:43 - Chrome browser is lauching
2020-05-05 14:14:36 INFO  class:57 - Navigating to URL
2020-05-05 14:14:41 INFO  class:24 - Logging using username and password from excel 
2020-05-05 14:14:49 INFO  class:37 - Fetching the value of Leave Request and checking it
2020-05-05 14:14:49 INFO  class:46 - Verifying the Userrole and staus text
2020-05-05 14:14:49 INFO  class:23 - Clicked  Users link
2020-05-05 14:15:05 INFO  class:35 - Selected Userroledropdown
2020-05-05 14:15:25 INFO  class:18 - User logout the application 
2020-05-05 14:15:50 INFO  class:66 - Application browser is closed
2020-05-05 15:34:09 INFO  class:35 - Browser Organge HRM Test Begins
2020-05-05 15:34:09 INFO  class:36 - Loading the property file
2020-05-05 15:34:09 INFO  class:43 - Chrome browser is lauching
2020-05-05 15:34:20 INFO  class:57 - Navigating to URL
2020-05-05 15:34:27 INFO  class:24 - Logging using username and password from excel 
2020-05-05 15:34:33 INFO  class:37 - Fetching the value of Leave Request and checking it
2020-05-05 15:34:36 INFO  class:46 - Verifying the Userrole and staus text
2020-05-05 15:34:36 INFO  class:23 - Clicked  Users link
2020-05-05 15:34:37 INFO  class:35 - Selected Userroledropdown
2020-05-05 15:34:37 INFO  class:38 - Selected Userstatusdropdown
2020-05-05 15:34:38 INFO  class:18 - User logout the application 
2020-05-05 15:34:41 INFO  class:66 - Application browser is closed
2020-05-05 15:46:00 INFO  class:35 - Browser Organge HRM Test Begins
2020-05-05 15:46:00 INFO  class:36 - Loading the property file
2020-05-05 15:46:00 INFO  class:43 - Chrome browser is lauching
2020-05-05 15:46:14 INFO  class:57 - Navigating to URL
2020-05-05 15:46:37 INFO  class:24 - Logging using username and password from excel 
2020-05-05 15:46:57 INFO  class:37 - Fetching the value of Leave Request and checking it
2020-05-05 15:47:17 INFO  class:46 - Verifying the Userrole and staus text
2020-05-05 15:47:17 INFO  class:23 - Clicked  Users link
2020-05-05 15:47:38 INFO  class:18 - User logout the application 
2020-05-05 15:47:59 INFO  class:66 - Application browser is closed
2020-05-05 15:49:30 INFO  class:35 - Browser Organge HRM Test Begins
2020-05-05 15:49:30 INFO  class:36 - Loading the property file
2020-05-05 15:49:30 INFO  class:43 - Chrome browser is lauching
2020-05-05 15:49:44 INFO  class:57 - Navigating to URL
2020-05-05 15:50:06 INFO  class:24 - Logging using username and password from excel 
2020-05-05 15:50:21 INFO  class:37 - Fetching the value of Leave Request and checking it
2020-05-05 15:50:21 INFO  class:46 - Verifying the Userrole and staus text
2020-05-05 15:50:21 INFO  class:23 - Clicked  Users link
2020-05-05 15:50:21 INFO  class:18 - User logout the application 
2020-05-05 15:50:21 INFO  class:66 - Application browser is closed
2020-05-05 15:50:29 INFO  class:35 - Browser Organge HRM Test Begins
2020-05-05 15:50:29 INFO  class:36 - Loading the property file
2020-05-05 15:50:29 INFO  class:43 - Chrome browser is lauching
2020-05-05 15:50:39 INFO  class:57 - Navigating to URL
2020-05-05 15:51:02 INFO  class:24 - Logging using username and password from excel 
2020-05-05 15:51:30 INFO  class:37 - Fetching the value of Leave Request and checking it
2020-05-05 15:51:53 INFO  class:35 - Browser Organge HRM Test Begins
2020-05-05 15:51:53 INFO  class:36 - Loading the property file
2020-05-05 15:51:53 INFO  class:43 - Chrome browser is lauching
2020-05-05 15:52:03 INFO  class:57 - Navigating to URL
2020-05-05 15:52:06 INFO  class:24 - Logging using username and password from excel 
2020-05-05 15:52:08 INFO  class:37 - Fetching the value of Leave Request and checking it
2020-05-05 15:52:10 INFO  class:46 - Verifying the Userrole and staus text
2020-05-05 15:52:10 INFO  class:23 - Clicked  Users link
2020-05-05 15:52:11 INFO  class:35 - Selected Userroledropdown
2020-05-05 15:52:12 INFO  class:38 - Selected Userstatusdropdown
2020-05-05 15:52:12 INFO  class:18 - User logout the application 
2020-05-05 15:52:13 INFO  class:66 - Application browser is closed
2020-05-05 15:53:07 INFO  class:35 - Browser Organge HRM Test Begins
2020-05-05 15:53:07 INFO  class:36 - Loading the property file
2020-05-05 15:53:07 INFO  class:43 - Chrome browser is lauching
2020-05-05 15:53:17 INFO  class:57 - Navigating to URL
2020-05-05 15:53:24 INFO  class:24 - Logging using username and password from excel 
2020-05-05 15:53:27 INFO  class:37 - Fetching the value of Leave Request and checking it
2020-05-05 15:53:29 INFO  class:46 - Verifying the Userrole and staus text
2020-05-05 15:53:29 INFO  class:23 - Clicked  Users link
2020-05-05 15:53:30 INFO  class:35 - Selected Userroledropdown
2020-05-05 15:53:30 INFO  class:38 - Selected Userstatusdropdown
2020-05-05 15:53:31 INFO  class:18 - User logout the application 
2020-05-05 15:53:32 INFO  class:66 - Application browser is closed
2020-05-05 15:54:10 INFO  class:35 - Browser Organge HRM Test Begins
2020-05-05 15:54:10 INFO  class:36 - Loading the property file
2020-05-05 15:54:10 INFO  class:43 - Chrome browser is lauching
2020-05-05 15:54:22 INFO  class:57 - Navigating to URL
2020-05-05 15:54:27 INFO  class:24 - Logging using username and password from excel 
2020-05-05 15:54:28 INFO  class:37 - Fetching the value of Leave Request and checking it
2020-05-05 15:54:30 INFO  class:46 - Verifying the Userrole and staus text
2020-05-05 15:54:30 INFO  class:23 - Clicked  Users link
2020-05-05 15:54:32 INFO  class:35 - Selected Userroledropdown
2020-05-05 15:54:32 INFO  class:38 - Selected Userstatusdropdown
2020-05-05 15:54:33 INFO  class:18 - User logout the application 
2020-05-05 15:54:36 INFO  class:66 - Application browser is closed
2020-05-05 15:55:08 INFO  class:35 - Browser Organge HRM Test Begins
2020-05-05 15:55:08 INFO  class:36 - Loading the property file
2020-05-05 15:55:08 INFO  class:43 - Chrome browser is lauching
2020-05-05 15:55:20 INFO  class:57 - Navigating to URL
2020-05-05 15:55:25 INFO  class:24 - Logging using username and password from excel 
2020-05-05 15:55:27 INFO  class:37 - Fetching the value of Leave Request and checking it
2020-05-05 15:55:28 INFO  class:46 - Verifying the Userrole and staus text
2020-05-05 15:55:28 INFO  class:23 - Clicked  Users link
2020-05-05 15:55:31 INFO  class:35 - Selected Userroledropdown
2020-05-05 15:55:31 INFO  class:38 - Selected Userstatusdropdown
2020-05-05 15:55:32 INFO  class:18 - User logout the application 
2020-05-05 15:55:33 INFO  class:66 - Application browser is closed
2020-05-05 16:00:58 INFO  class:35 - Browser Organge HRM Test Begins
2020-05-05 16:00:58 INFO  class:36 - Loading the property file
2020-05-05 16:00:58 INFO  class:43 - Chrome browser is lauching
2020-05-05 16:01:11 INFO  class:57 - Navigating to URL
2020-05-05 16:01:15 INFO  class:24 - Logging using username and password from excel 
2020-05-05 16:01:16 INFO  class:37 - Fetching the value of Leave Request and checking it
2020-05-05 16:01:18 INFO  class:46 - Verifying the Userrole and staus text
2020-05-05 16:01:18 INFO  class:23 - Clicked  Users link
2020-05-05 16:01:19 INFO  class:35 - Selected Userroledropdown
2020-05-05 16:01:19 INFO  class:38 - Selected Userstatusdropdown
2020-05-05 16:01:20 INFO  class:18 - User logout the application 
2020-05-05 16:01:23 INFO  class:66 - Application browser is closed
